58 32
17 99
96 42
2 5
99 36
15 57
88 27
57 97
24 74
4 26
25 68
67 38
0 16
63 7
15 57
75 4
2 5
90 13
76 13
5 39
33 56
73 20
7 18
92 68
25 68
81 83
8 40
81 83
32 2
34 26
17 99
49 79
90 13
25 68
52 49
93 10
74 58
65 89
63 7
66 8
56 63
20 4
24 74
40 23
4 26
13 49
76 13
68 46
72 64
31 38
72 64
25 68
5 39
80 69
93 10
90 13
49 79
48 31
83 84
10 83
68 46
56 63
100 62
9 93
34 26
34 26
58 32
13 49
50 31
47 81
49 79
96 42
49 79
4 26
77 30
16 2
8 40
85 95
5 39
43 48
84 19
66 8
15 57
40 23
47 81
88 27
79 9
84 19
88 27
16 2
37 40
74 58
79 9
90 13
61 12
31 38
58 32
74 58
95 10
93 10
44 4
36 4
18 44
21 98
25 68
51 87
23 23
42 67
14 83
82 24
94 33
55 17
89 14
24 74
43 48
96 42
25 68
50 31
65 89
8 40
78 55
94 33
32 2
88 27
37 40
48 31
39 76
88 27
86 72
17 99
44 4
44 4
97 55
99 36
10 83
8 40
54 35
41 74
65 89
76 13
80 69
54 35
9 93
45 94
16 2
50 31
92 68
74 58
40 23
52 49
41 74
75 4
3 41
21 98
98 43
76 13
7 18
28 36
83 84
39 76
55 17
41 74
86 72
13 49
2 5
60 50
64 92
91 46
66 8
4 26
87 71
33 56
56 63
0 16
17 99
74 58
85 95
88 27
23 23
29 45
78 55
22 0
72 64
46 66
18 44
86 72
82 24
11 44
100 62
31 38
37 40
69 66
78 55
40 23
28 36
86 72
14 83
56 63
33 56
67 38
7 18
83 84
38 100
76 13
77 30
18 44
97 55
33 56
44 4
26 33
49 79
79 9
50 31
49 79
24 74
47 81
74 58
54 35
28 36
62 44
89 14
15 57
64 92
16 2
25 68
93 10
22 0
42 67
1 11
64 92
72 64
72 64
65 89
34 26
88 27
18 44
85 95
81 83
9 93
37 40
92 68
39 76
38 100
24 74
49 79
34 26
53 49
78 55
68 46
95 10
85 95
95 10
27 69
70 92
85 95
99 36
88 27
37 40
24 74
46 66
5 39
76 13
68 46
40 23
88 27
64 92
4 26
27 69
11 44
53 49
44 4
85 95
87 71
100 62
80 69
88 27
29 45
99 36
3 41
1 11
58 32
53 49
89 14
48 31
20 4
93 10
45 94
85 95
35 91
50 31
1 11
39 76
63 7
31 38
71 6
41 74
65 89
7 18
29 45
64 92
18 44
84 19
30 39
38 100
97 55
18 44
7 18
56 63
52 49
19 44
10 83
65 89
78 55
100 62
25 68
97 55
73 20
7 18
14 83
49 79
38 100
38 100
59 30
20 4
75 4
85 95
83 84
11 44
34 26
74 58
49 79
2 5
38 100
95 10
99 36
51 87
79 9
15 57
93 10
46 66
2 5
9 93
76 13
17 99
80 69
8 40
8 40
2 5
37 40
67 38
33 56
96 42
30 39
7 18
72 64
22 0
24 74
27 69
67 38
65 89
83 84
77 30
85 95
66 8
57 97
34 26
20 4
97 55
62 44
88 27
87 71
80 69
77 30
71 6
21 98
35 91
49 79
88 27
51 87
73 20
4 26
28 36
86 72
8 40
5 39
37 40
85 95
8 40
94 33
67 38
45 94
20 4
3 41
98 43
5 39
5 39
87 71
40 23
75 4
43 48
27 69
31 38
76 13
12 22
46 66
35 91
74 58
85 95
78 55
40 23
85 95
33 56
58 32
84 19
22 0
94 33
56 63
38 100
24 74
48 31
9 93
59 30
47 81
97 55
38 100
77 30
81 83
75 4
48 31
65 89
37 40
74 58
26 33
6 35
75 4
9 93
35 91
62 44
33 56
70 92
22 0
45 94
97 55
44 4
41 74
27 69
22 0
93 10
47 81
12 22
17 99
66 8
40 23
18 44
53 49
39 76
63 7
17 99
73 20
72 64
45 94
36 4
61 12
96 42
74 58
14 83
32 2
26 33
50 31
38 100
70 92
1 11
96 42
29 45
35 91
84 19
73 20
97 55
7 18
55 17
79 9
83 84
21 98
5 39
70 92
25 68
87 71
71 6
83 84
73 20
86 72
12 22
3 41
46 66
16 2
84 19
91 46
80 69
6 35
0 16
80 69
31 38
28 36
8 40
23 23
20 4
5 39
67 38
95 10
18 44
26 33
20 4
34 26
63 7
31 38
7 18
25 68
42 67
0 16
71 6
94 33
20 4
14 83
87 71
99 36
32 2
11 44
81 83
95 10
99 36
78 55
78 55
17 99
91 46
67 38
38 100
81 83
76 13
93 10
29 45
81 83
2 5
51 87
69 66
26 33
53 49
78 55
3 41
18 44
27 69
92 68
52 49
4 26
45 94
67 38
59 30
4 26
63 7
61 12
63 7
36 4
7 18
70 92
0 16
93 10
60 50
100 62
1 11
92 68
58 32
54 35
74 58
56 63
46 66
7 18
37 40
12 22
27 69
46 66
66 8
96 42
9 93
35 91
59 30
11 44
87 71
92 68
5 39
96 42
22 0
79 9
84 19
25 68
21 98
46 66
59 30
41 74
15 57
61 12
65 89
23 23
81 83
29 45
39 76
54 35
42 67
12 22
27 69
85 95
32 2
53 49
40 23
66 8
80 69
5 39
36 4
18 44
77 30
24 74
10 83
34 26
38 100
68 46
47 81
2 5
67 38
29 45
53 49
92 68
6 35
51 87
84 19
62 44
83 84
23 23
85 95
70 92
7 18
37 40
67 38
87 71
95 10
68 46
19 44
53 49
11 44
76 13
16 2
87 71
4 26
50 31
95 10
55 17
62 44
80 69
9 93
92 68
68 46
23 23
77 30
23 23
67 38
38 100
57 97
57 97
66 8
90 13
28 36
59 30
65 89
86 72
99 36
57 97
31 38
80 69
35 91
60 50
52 49
74 58
28 36
94 33
35 91
19 44
2 5
58 32
47 81
60 50
81 83
72 64
24 74
23 23
95 10
66 8
72 64
81 83
4 26
57 97
39 76
74 58
68 46
33 56
70 92
74 58
68 46
52 49
90 13
36 4
31 38
69 66
74 58
57 97
3 41
54 35
91 46
25 68
34 26
40 23
78 55
75 4
37 40
33 56
38 100
8 40
53 49
85 95
29 45
85 95
12 22
78 55
50 31
36 4
36 4
7 18
38 100
21 98
75 4
49 79
10 83
71 6
16 2
26 33
59 30
5 39
73 20
23 23
16 2
35 91
89 14
0 16
99 36
47 81
80 69
38 100
63 7
15 57
35 91
8 40
69 66
7 18
41 74
47 81
5 39
22 0
40 23
86 72
67 38
24 74
50 31
28 36
95 10
82 24
10 83
0 16
21 98
12 22
45 94
5 39
50 31
70 92
47 81
85 95
72 64
87 71
36 4
16 2
94 33
24 74
46 66
7 18
16 2
7 18
25 68
19 44
8 40
87 71
87 71
98 43
94 33
50 31
91 46
7 18
88 27
93 10
79 9
76 13
13 49
20 4
79 9
66 8
65 89
41 74
39 76
15 57
24 74
96 42
23 23
9 93
36 4
13 49
99 36
47 81
84 19
10 83
27 69
86 72
32 2
30 39
47 81
51 87
88 27
68 46
70 92
10 83
31 38
76 13
30 39
5 39
36 4
52 49
95 10
13 49
23 23
44 4
55 17
37 40
70 92
57 97
96 42
0 16
47 81
1 11
61 12
79 9
18 44
40 23
70 92
47 81
52 49
84 19
70 92
94 33
89 14
93 10
68 46
31 38
43 48
2 5
95 10
98 43
96 42
47 81
29 45
79 9
76 13
12 22
20 4
92 68
82 24
68 46
57 97
76 13
38 100
54 35
54 35
18 44
70 92
46 66
72 64
15 57
74 58
64 92
96 42
84 19
44 4
6 35
65 89
84 19
43 48
80 69
82 24
65 89
6 35
6 35
10 83
35 91
66 8
7 18
66 8
46 66
64 92
74 58
55 17
41 74
13 49
58 32
4 26
27 69
26 33
85 95
85 95
67 38
37 40
74 58
94 33
40 23
52 49
83 84
49 79
86 72
98 43
99 36
100 62
34 26
87 71
52 49
40 23
87 71
80 69
5 39
25 68
75 4
78 55
84 19
81 83
7 18
5 39
41 74
28 36
46 66
36 4
43 48
43 48
77 30
60 50
98 43
57 97
54 35
24 74
14 83
2 5
85 95
90 13
84 19
1 11
49 79
93 10
87 71
13 49
76 13
44 4
19 44
88 27
4 26
10 83
19 44
87 71
27 69
18 44
28 36
37 40
11 44
38 100
42 67
76 13
90 13
7 18
29 45
74 58
51 87
68 46
4 26
35 91
74 58
72 64
20 4
8 40
49 79
56 63
4 26
33 56
