31 99
22 28
39 7
32 76
49 24
24 6
42 75
70 63
61 14
23 73
26 35
91 57
25 2
21 90
97 77
85 72
13 5
5 70
98 94
14 45
43 58
35 31
15 94
93 86
40 98
14 45
3 48
26 35
6 5
78 10
46 64
70 63
34 44
30 30
65 80
13 5
5 70
96 55
5 70
73 8
35 31
14 45
57 92
6 5
12 52
82 54
9 51
50 17
19 66
48 74
28 21
54 93
61 14
74 66
31 99
69 73
51 25
62 95
39 7
1 15
6 5
51 25
100 68
59 79
53 3
23 73
7 83
25 2
88 17
94 73
45 80
6 5
53 3
2 83
65 80
82 54
25 2
11 47
17 58
58 87
65 80
55 33
93 86
95 60
95 60
19 66
74 66
27 27
63 51
12 52
80 75
78 10
29 9
52 94
80 75
64 53
77 17
57 92
60 20
9 51
65 80
94 73
49 24
99 93
82 54
12 52
25 2
40 98
17 58
41 42
56 3
74 66
84 32
61 14
54 93
78 10
85 72
25 2
52 94
60 20
23 73
47 50
8 12
42 75
27 27
85 72
15 94
11 47
1 15
95 60
64 53
74 66
20 17
84 32
13 5
57 92
35 31
39 7
13 5
84 32
70 63
95 60
50 17
94 73
21 90
45 80
52 94
90 77
73 8
28 21
38 80
91 57
18 70
2 83
100 68
75 2
51 25
96 55
6 5
69 73
26 35
33 2
79 17
74 66
45 80
22 28
29 9
26 35
14 45
12 52
83 23
30 30
74 66
79 17
62 95
43 58
68 3
71 46
64 53
95 60
68 3
86 94
4 82
100 68
38 80
4 82
51 25
67 59
55 33
93 86
3 48
23 73
60 20
92 25
53 3
14 45
52 94
95 60
93 86
71 46
100 68
41 42
35 31
85 72
81 37
7 83
37 56
72 62
70 63
36 37
96 55
75 2
90 77
65 80
36 37
37 56
13 5
78 10
51 25
46 64
92 25
43 58
90 77
96 55
28 21
6 5
74 66
44 20
39 7
17 58
3 48
31 99
11 47
56 3
13 5
86 94
55 33
62 95
15 94
78 10
73 8
31 99
88 17
56 3
81 37
6 5
17 58
73 8
5 70
22 28
17 58
88 17
53 3
19 66
24 6
61 14
96 55
78 10
4 82
18 70
24 6
31 99
31 99
39 7
40 98
41 42
35 31
60 20
32 76
35 31
44 20
66 83
74 66
50 17
64 53
20 17
38 80
88 17
84 32
55 33
40 98
29 9
61 14
19 66
6 5
32 76
76 85
17 58
41 42
91 57
37 56
15 94
58 87
23 73
11 47
17 58
52 94
93 86
26 35
97 77
75 2
68 3
90 77
91 57
76 85
28 21
47 50
77 17
57 92
77 17
87 12
31 99
7 83
59 79
82 54
4 82
98 94
97 77
26 35
77 17
32 76
12 52
1 15
16 82
96 55
85 72
17 58
99 93
4 82
13 5
56 3
23 73
75 2
20 17
1 15
79 17
84 32
11 47
44 20
19 66
32 76
0 38
53 3
69 73
23 73
46 64
9 51
50 17
35 31
99 93
40 98
37 56
69 73
23 73
89 100
51 25
57 92
2 83
43 58
74 66
66 83
90 77
99 93
62 95
42 75
31 99
20 17
65 80
21 90
60 20
47 50
39 7
14 45
79 17
74 66
46 64
48 74
23 73
20 17
61 14
84 32
87 12
100 68
56 3
32 76
31 99
38 80
91 57
60 20
85 72
39 7
63 51
80 75
9 51
64 53
40 98
14 45
0 38
62 95
44 20
46 64
83 23
91 57
21 90
94 73
100 68
7 83
64 53
56 3
68 3
27 27
23 73
2 83
32 76
30 30
26 35
97 77
50 17
89 100
88 17
83 23
36 37
79 17
25 2
81 37
79 17
95 60
65 80
95 60
2 83
28 21
47 50
72 62
44 20
31 99
85 72
6 5
57 92
16 82
84 32
47 50
80 75
10 29
40 98
81 37
78 10
45 80
15 94
19 66
60 20
8 12
78 10
75 2
89 100
80 75
77 17
71 46
19 66
8 12
44 20
18 70
22 28
47 50
97 77
43 58
92 25
6 5
58 87
32 76
77 17
69 73
36 37
39 7
18 70
62 95
8 12
61 14
90 77
8 12
70 63
61 14
100 68
22 28
72 62
74 66
81 37
92 25
96 55
32 76
83 23
21 90
40 98
55 33
32 76
50 17
96 55
30 30
32 76
93 86
58 87
99 93
20 17
79 17
18 70
22 28
19 66
57 92
9 51
93 86
79 17
63 51
100 68
54 93
16 82
95 60
100 68
40 98
53 3
72 62
91 57
94 73
23 73
11 47
69 73
24 6
40 98
49 24
32 76
63 51
81 37
60 20
35 31
42 75
0 38
45 80
9 51
19 66
21 90
59 79
45 80
29 9
6 5
74 66
45 80
31 99
78 10
95 60
76 85
94 73
82 54
94 73
61 14
47 50
7 83
47 50
53 3
99 93
29 9
45 80
71 46
40 98
28 21
38 80
64 53
99 93
23 73
15 94
40 98
67 59
39 7
70 63
75 2
13 5
99 93
43 58
83 23
74 66
54 93
11 47
83 23
83 23
51 25
23 73
44 20
19 66
75 2
53 3
33 2
93 86
25 2
26 35
55 33
17 58
26 35
45 80
81 37
92 25
97 77
58 87
38 80
3 48
59 79
89 100
27 27
26 35
88 17
27 27
72 62
28 21
56 3
67 59
21 90
75 2
83 23
46 64
43 58
85 72
5 70
1 15
36 37
65 80
28 21
57 92
90 77
16 82
30 30
72 62
35 31
96 55
5 70
50 17
56 3
55 33
6 5
81 37
9 51
82 54
25 2
41 42
75 2
87 12
84 32
38 80
65 80
1 15
50 17
13 5
45 80
2 83
14 45
80 75
53 3
4 82
19 66
8 12
40 98
94 73
49 24
100 68
5 70
74 66
40 98
61 14
38 80
100 68
31 99
76 85
70 63
74 66
0 38
38 80
58 87
27 27
44 20
79 17
85 72
89 100
65 80
58 87
91 57
72 62
79 17
82 54
41 42
86 94
45 80
33 2
55 33
77 17
95 60
85 72
23 73
26 35
79 17
49 24
53 3
78 10
50 17
57 92
66 83
81 37
91 57
72 62
94 73
2 83
43 58
86 94
94 73
15 94
36 37
48 74
58 87
90 77
32 76
92 25
28 21
28 21
36 37
97 77
55 33
5 70
89 100
77 17
5 70
29 9
67 59
65 80
69 73
58 87
70 63
22 28
9 51
2 83
47 50
78 10
31 99
56 3
16 82
60 20
80 75
39 7
75 2
20 17
40 98
23 73
48 74
4 82
57 92
52 94
94 73
25 2
62 95
31 99
22 28
15 94
13 5
76 85
0 38
2 83
98 94
7 83
94 73
4 82
49 24
82 54
63 51
74 66
82 54
43 58
6 5
83 23
91 57
14 45
89 100
6 5
90 77
39 7
11 47
76 85
16 82
16 82
55 33
74 66
90 77
74 66
77 17
52 94
87 12
67 59
12 52
52 94
60 20
99 93
84 32
50 17
64 53
66 83
17 58
41 42
23 73
11 47
35 31
3 48
47 50
27 27
14 45
25 2
16 82
20 17
87 12
7 83
80 75
9 51
22 28
34 44
43 58
39 7
45 80
13 5
92 25
24 6
43 58
19 66
87 12
96 55
90 77
12 52
28 21
10 29
27 27
96 55
77 17
63 51
70 63
71 46
65 80
9 51
61 14
65 80
26 35
38 80
34 44
74 66
61 14
52 94
93 86
85 72
55 33
92 25
69 73
69 73
64 53
56 3
77 17
46 64
1 15
52 94
60 20
62 95
2 83
29 9
25 2
44 20
44 20
52 94
40 98
20 17
22 28
21 90
80 75
2 83
98 94
25 2
26 35
52 94
63 51
45 80
51 25
79 17
85 72
52 94
85 72
63 51
44 20
34 44
87 12
69 73
32 76
72 62
40 98
88 17
1 15
91 57
31 99
70 63
28 21
8 12
74 66
64 53
3 48
2 83
80 75
47 50
95 60
2 83
64 53
1 15
26 35
43 58
11 47
76 85
86 94
89 100
70 63
70 63
84 32
83 23
12 52
30 30
61 14
0 38
98 94
99 93
62 95
38 80
46 64
14 45
54 93
54 93
54 93
67 59
26 35
97 77
70 63
34 44
46 64
16 82
80 75
99 93
19 66
13 5
17 58
11 47
55 33
56 3
16 82
27 27
7 83
46 64
94 73
91 57
78 10
73 8
68 3
67 59
97 77
20 17
39 7
70 63
11 47
62 95
88 17
31 99
86 94
55 33
79 17
98 94
66 83
59 79
47 50
43 58
39 7
47 50
28 21
5 70
30 30
91 57
31 99
65 80
64 53
1 15
45 80
51 25
91 57
45 80
5 70
63 51
93 86
52 94
77 17
87 12
94 73
75 2
28 21
26 35
19 66
55 33
43 58
27 27
36 37
