73 35
86 42
60 44
95 98
25 68
36 30
3 85
18 78
10 47
26 61
27 47
52 64
23 30
26 61
17 35
69 78
45 56
0 55
76 84
33 60
3 85
49 17
44 37
66 12
59 56
39 22
15 96
50 3
69 78
27 47
84 89
59 56
66 12
22 17
31 46
59 56
24 51
9 73
16 11
35 73
73 35
49 17
20 22
47 85
20 22
2 27
20 22
13 97
10 47
63 53
51 74
69 78
35 73
27 47
78 40
71 2
87 59
20 22
46 86
47 85
71 2
8 94
22 17
36 30
54 51
76 84
69 78
93 2
24 51
30 50
98 31
86 42
79 1
10 47
57 90
89 59
92 87
29 31
24 51
0 55
82 39
86 42
87 59
76 84
19 87
41 48
84 89
68 46
96 21
99 21
96 21
71 2
15 96
68 46
27 47
65 76
43 26
97 79
8 94
24 51
43 26
71 2
53 82
4 21
6 27
52 64
57 90
51 74
0 55
34 2
46 86
68 46
82 39
31 46
46 86
70 32
37 99
4 21
65 76
33 60
92 87
87 59
43 26
10 47
67 4
36 30
75 94
33 60
20 22
75 94
48 33
42 62
27 47
53 82
13 97
7 68
33 60
60 44
56 92
43 26
99 21
5 31
90 75
16 11
68 46
37 99
14 98
77 80
40 7
27 47
72 23
60 44
80 87
41 48
7 68
12 69
6 27
53 82
89 59
88 51
77 80
91 18
85 81
62 72
1 19
3 85
90 75
4 21
29 31
47 85
24 51
71 2
11 84
52 64
64 57
51 74
72 23
64 57
11 84
50 3
43 26
61 18
91 18
30 50
53 82
70 32
24 51
87 59
83 25
13 97
1 19
15 96
47 85
93 2
28 90
49 17
78 40
29 31
50 3
72 23
22 17
39 22
61 18
16 11
98 31
72 23
69 78
22 17
21 72
25 68
22 17
95 98
31 46
24 51
44 37
88 51
80 87
46 86
42 62
69 78
91 18
59 56
48 33
58 44
29 31
99 21
33 60
68 46
99 21
61 18
55 15
40 7
80 87
39 22
29 31
82 39
7 68
84 89
51 74
60 44
93 2
6 27
1 19
100 88
22 17
25 68
91 18
28 90
100 88
67 4
95 98
4 21
2 27
80 87
81 60
45 56
35 73
70 32
83 25
56 92
8 94
7 68
68 46
72 23
87 59
16 11
96 21
98 31
10 47
72 23
42 62
32 78
66 12
100 88
70 32
62 72
92 87
32 78
58 44
92 87
83 25
18 78
62 72
50 3
65 76
59 56
16 11
71 2
44 37
43 26
25 68
72 23
6 27
95 98
56 92
12 69
85 81
16 11
43 26
27 47
33 60
53 82
91 18
5 31
34 2
31 46
53 82
94 0
18 78
99 21
90 75
22 17
85 81
96 21
59 56
59 56
74 38
98 31
17 35
75 94
74 38
3 85
46 86
19 87
100 88
60 44
30 50
73 35
74 38
31 46
34 2
50 3
32 78
84 89
24 51
39 22
96 21
10 47
55 15
35 73
91 18
69 78
54 51
67 4
27 47
79 1
58 44
55 15
58 44
34 2
18 78
96 21
53 82
2 27
12 69
34 2
46 86
31 46
22 17
85 81
11 84
19 87
57 90
35 73
74 38
46 86
57 90
62 72
45 56
92 87
65 76
44 37
41 48
61 18
85 81
96 21
45 56
69 78
51 74
33 60
21 72
92 87
11 84
49 17
96 21
20 22
5 31
84 89
43 26
98 31
65 76
75 94
94 0
29 31
23 30
91 18
100 88
33 60
94 0
56 92
86 42
30 50
41 48
41 48
97 79
51 74
75 94
20 22
83 25
22 17
40 7
84 89
29 31
12 69
87 59
32 78
13 97
42 62
84 89
72 23
52 64
23 30
4 21
29 31
21 72
81 60
50 3
42 62
59 56
22 17
87 59
73 35
35 73
38 34
97 79
60 44
20 22
45 56
95 98
44 37
76 84
10 47
19 87
44 37
20 22
22 17
38 34
84 89
33 60
94 0
82 39
26 61
8 94
30 50
13 97
61 18
52 64
64 57
37 99
77 80
24 51
88 51
84 89
31 46
17 35
99 21
30 50
71 2
12 69
74 38
19 87
21 72
99 21
20 22
26 61
71 2
36 30
28 90
40 7
20 22
86 42
4 21
65 76
68 46
50 3
39 22
49 17
60 44
55 15
87 59
5 31
0 55
51 74
12 69
27 47
91 18
51 74
68 46
23 30
63 53
6 27
12 69
3 85
51 74
89 59
84 89
31 46
62 72
53 82
17 35
17 35
2 27
6 27
71 2
93 2
4 21
94 0
22 17
29 31
80 87
93 2
28 90
15 96
36 30
68 46
95 98
14 98
47 85
11 84
68 46
9 73
12 69
4 21
67 4
73 35
94 0
0 55
90 75
99 21
43 26
65 76
97 79
24 51
50 3
37 99
28 90
32 78
35 73
17 35
59 56
45 56
95 98
61 18
3 85
27 47
83 25
80 87
47 85
14 98
45 56
3 85
80 87
69 78
31 46
34 2
32 78
50 3
88 51
48 33
60 44
54 51
23 30
71 2
62 72
19 87
81 60
58 44
60 44
42 62
100 88
18 78
54 51
21 72
100 88
60 44
6 27
18 78
30 50
58 44
62 72
47 85
10 47
22 17
12 69
1 19
14 98
24 51
82 39
97 79
48 33
6 27
3 85
98 31
98 31
8 94
50 3
5 31
78 40
58 44
97 79
33 60
64 57
18 78
90 75
29 31
17 35
5 31
16 11
51 74
59 56
64 57
91 18
84 89
1 19
68 46
76 84
0 55
54 51
35 73
68 46
59 56
58 44
70 32
1 19
47 85
64 57
44 37
46 86
85 81
35 73
13 97
26 61
83 25
48 33
53 82
93 2
43 26
78 40
17 35
71 2
94 0
53 82
96 21
39 22
0 55
41 48
75 94
35 73
78 40
31 46
34 2
77 80
74 38
12 69
17 35
9 73
35 73
27 47
50 3
70 32
88 51
19 87
47 85
19 87
80 87
89 59
30 50
32 78
80 87
17 35
99 21
79 1
66 12
17 35
99 21
60 44
3 85
16 11
25 68
55 15
21 72
47 85
95 98
69 78
77 80
80 87
76 84
3 85
28 90
63 53
74 38
54 51
78 40
79 1
19 87
83 25
23 30
56 92
34 2
92 87
59 56
45 56
44 37
24 51
0 55
86 42
49 17
42 62
26 61
15 96
100 88
13 97
12 69
71 2
47 85
27 47
4 21
73 35
92 87
83 25
62 72
76 84
4 21
61 18
20 22
32 78
4 21
40 7
93 2
1 19
50 3
19 87
31 46
38 34
95 98
52 64
54 51
14 98
90 75
34 2
35 73
93 2
80 87
36 30
33 60
9 73
57 90
19 87
1 19
50 3
80 87
59 56
73 35
51 74
58 44
31 46
54 51
41 48
0 55
38 34
23 30
13 97
29 31
18 78
6 27
68 46
28 90
89 59
31 46
88 51
38 34
77 80
14 98
17 35
82 39
93 2
45 56
63 53
54 51
39 22
86 42
16 11
46 86
63 53
76 84
1 19
30 50
6 27
47 85
62 72
36 30
14 98
14 98
40 7
59 56
49 17
40 7
66 12
95 98
69 78
96 21
91 18
46 86
15 96
74 38
93 2
52 64
15 96
63 53
65 76
53 82
38 34
60 44
24 51
75 94
35 73
99 21
85 81
57 90
39 22
98 31
83 25
94 0
32 78
67 4
39 22
98 31
31 46
5 31
99 21
63 53
17 35
15 96
61 18
49 17
18 78
90 75
8 94
40 7
11 84
18 78
80 87
71 2
30 50
26 61
33 60
15 96
77 80
73 35
89 59
72 23
89 59
73 35
88 51
44 37
79 1
39 22
86 42
44 37
6 27
87 59
6 27
77 80
14 98
89 59
10 47
22 17
69 78
81 60
27 47
79 1
79 1
63 53
69 78
30 50
47 85
99 21
47 85
40 7
44 37
63 53
87 59
70 32
95 98
24 51
7 68
30 50
23 30
29 31
19 87
11 84
96 21
37 99
98 31
7 68
60 44
55 15
70 32
99 21
80 87
52 64
29 31
100 88
44 37
3 85
83 25
3 85
71 2
25 68
56 92
78 40
89 59
77 80
1 19
28 90
9 73
29 31
35 73
46 86
44 37
59 56
13 97
32 78
69 78
69 78
29 31
41 48
33 60
29 31
13 97
31 46
4 21
18 78
21 72
42 62
1 19
92 87
19 87
30 50
34 2
96 21
30 50
1 19
36 30
41 48
95 98
14 98
23 30
45 56
11 84
63 53
16 11
83 25
7 68
11 84
42 62
23 30
100 88
28 90
58 44
91 18
56 92
71 2
46 86
51 74
34 2
13 97
28 90
55 15
39 22
4 21
21 72
61 18
18 78
16 11
69 78
90 75
68 46
34 2
8 94
8 94
14 98
67 4
94 0
71 2
57 90
8 94
50 3
70 32
100 88
