7mP3
NOT FOUND
LlNZI4
rC0K4
7mP3
vLl4
NOT FOUND
uk
XFLG5ZX
tVeXc37
pkhY8mS
FU9Cy3EzT6
vLl4
8tXd
8tXd
NOT FOUND
a6gl1a67
FU9Cy3EzT6
24M4b
a6gl1a67
XFLG5ZX
NOT FOUND
NOT FOUND
0
vLl4
XFLG5ZX
NOT FOUND
FU9Cy3EzT6
94ar0CgQ4M
a6gl1a67
z9
qLr80rix8p
VL9
nE
xRsEzOPd
mtvDpzil7
7mP3
NOT FOUND
z9
caO88J
wK62QqW
rC0K4
xRsEzOPd
NOT FOUND
NOT FOUND
rC0K4
J
rC0K4
NOT FOUND
wK62QqW
nE
94ar0CgQ4M
I
441670
l4W04CopCQ
NOT FOUND
pkhY8mS
NOT FOUND
NOT FOUND
TfbsR
441670
0
nf4XzZPU
v5977
VL9
J
e
441670
tSN2rq
a6gl1a67
NOT FOUND
83
nk7B67zC51
cr2172Rc7M
cr2172Rc7M
0vQIpfKl9
cr2172Rc7M
tT19D0fOq
uk
nf4XzZPU
pkhY8mS
hS7p
QW
24M4b
cQdwu9Q52P
NOT FOUND
5n2kaP
vLl4
NOT FOUND
l4W04CopCQ
1888y40
z9
93YQ020
8XDajvG
aFp209L8
VL9
I
W8k62s
NOT FOUND
yrDR5
rB357qLC
44239
z9
44239
aJg95
wp
3G
08N4pTa7m
mtvDpzil7
L
pkhY8mS
I
z9
xRsEzOPd
tT19D0fOq
NOT FOUND
nk7B67zC51
5n2kaP
5gZ4m
XFLG5ZX
v5977
lQIen1VCbh
6dbnaI1s1g
TfbsR
Juy0P
NOT FOUND
8Z3mU06V
81sQGqV5m
tT19D0fOq
08N4pTa7m
5n2kaP
Y73T
vLl4
NOT FOUND
C0W12l
BO
NOT FOUND
tVeXc37
BCH0
81sQGqV5m
4UZ
3DZ7
rC0K4
GUXKB110s
H8i1
X24l8Yt0f
5436l00
LlNZI4
0vQIpfKl9
d
DS5F
950816qojA
1bQQh5
G
x74E
06Vk1pZ
pkhY8mS
f2puAzY05
G
G
rB357qLC
rv95Wnvfe
L
18oCw
93YQ020
81sQGqV5m
5fjg18dYM
8
0IGDW9BTFN
d
2DwwIk9621
Kb06
77jl6EYm8u
DXJ583O4
NOT FOUND
NOT FOUND
caO88J
yrDR5
x32q
Hoqgotb
B5eLX
G
aJg95
7mP3
7qVXz4Mw
zu186
XdfQ0z
x74E
X24l8Yt0f
1SkG
2DwwIk9621
rv95Wnvfe
NOT FOUND
1z31EBeLV
l0
l0
nf4XzZPU
z9Oc
v5977
GUXKB110s
rB357qLC
x74E
4UZ
QW
z9Oc
8
z9Oc
Mk96ZXbX1
jm
0bW9G
L
cRu2
08N4pTa7m
B5eLX
DXJ583O4
aPD69rNA
QPObKb39X8
j
oqVGDZJ
28Q91PmnnB
XdfQ0z
rv95Wnvfe
tT19D0fOq
NOT FOUND
Xx4iU5
AqyWa9hEII
d
NOT FOUND
0
caO88J
NOT FOUND
Zz0HG
950816qojA
11MP2hJsR
g
YBk
rC0K4
L0fNPFG6
jm
6ZElZf
Y73T
LtGeRRI0s
S5z
lQIen1VCbh
83
xD0
e
0vQIpfKl9
dITc1L
B5eLX
q47HmsYki
QW
dITc1L
8XDajvG
pkhY8mS
LlNZI4
H84LWT4
mjp
8IJCnA2b72
QElBuE
e
8XDajvG
NOT FOUND
1bQQh5
QW
rB357qLC
fo7
eLmH4irg
xD0
WtQ2Q7
rC0K4
gb91S1Vw
r
47Y7W
5n2kaP
36nKLl53r2
3Waj633
4kVYgem
7qVXz4Mw
0vQIpfKl9
G
G
S5B1715tFr
aJg95
NOT FOUND
qZ7NS1
aquRQEXw
7f
Hoqgotb
74BI1gv
S
G
NOT FOUND
wzYB82Zx9
XFLG5ZX
rC0K4
I2k7
G
s3j
3
h
X24l8Yt0f
5K58na
11MP2hJsR
o60N4wbd
93j
Juy0P
N88V
Mk96ZXbX1
u
NOT FOUND
G7Kq8Y
j
b
NOT FOUND
rC0K4
VSPE
Nv3W42
k1
5gZ4m
5n2kaP
0IGDW9BTFN
5436l00
G0l
NOT FOUND
pTBbI5Fx
NOT FOUND
NOT FOUND
MpN
rC0K4
93YQ020
3oTARBX9G
NOT FOUND
o60N4wbd
NOT FOUND
00393L1n
ykYJrR
NOT FOUND
QPObKb39X8
NOT FOUND
NOT FOUND
NOT FOUND
pTBbI5Fx
LmsV5vH
5K58na
0
v5977
l4W04CopCQ
mtvDpzil7
LlNZI4
3jU93
5fjg18dYM
4n
yxQ
3h0b19BgM5
C0ZOX96PY
m3938
Hoqgotb
DXJ583O4
p93qV4t7X
93j
28Q91PmnnB
pkhY8mS
3h0b19BgM5
NOT FOUND
S6
q47HmsYki
sIpa1H2Y
kd3gE
I2k7
00393L1n
u
cJ9loz
iY3
y1nF59
NOT FOUND
I2k7
NOT FOUND
34sJ
82C
0
O
X2
r7
0GQlDap79
QW
5gZ4m
r
NyR17JJB3f
r7
cC0P9k4IS
m8zV21c
83
C0ZOX96PY
3x0
1Bm
94ar0CgQ4M
TEQ7aww77M
y081
X
is17tYU
1Bm
8
5gZ4m
55I
31
5qi
7D
NOT FOUND
Y73T
8XDajvG
NyR17JJB3f
Mz3H93764
rxqe
1
n8j6J
55L
yxQ
NOT FOUND
wzYB82Zx9
3
NOT FOUND
81sQGqV5m
4o39P
NOT FOUND
S
4o39P
9e
AM1J7EMHJO
DQL5d
kt5
VL9
0Ly8B7
9780Ew8
a29vXf
G
NOT FOUND
d
R16KmhIILK
tUYOq
NOT FOUND
DhzusqxZq3
GUXKB110s
Y73T
kNen2F2Fi5
8H
NOT FOUND
hP
NOT FOUND
4n
7P06nZZ
ZCQ6pf4M4
e6P12N
jd
jVFqH
hS7p
NOT FOUND
Kb06
D31wcqo
b72HNW
3G5U4d
5K58na
NOT FOUND
PaGT67EeI
BCH0
8
93j
nf4XzZPU
7MaOwRyCg2
4Ie854
4UDYUP
6
d5514CS0j
53
aPD69rNA
5Q982SgD
DQL5d
k6g6l5n
oRl5I2dB
NOT FOUND
tVeXc37
8O63Bjz
I5NWcTt8
2Nt
U8
4n
NOT FOUND
EPW
DS5F
D3jr7
clF46WJ
A4u99
wK62QqW
3U
Rf1Ng1
34sJ
F960I0SE
k0N73rQAD
aquRQEXw
tT19D0fOq
Tt85Uhg3Gx
6159l
8IJCnA2b72
8
AM1J7EMHJO
7j4
cY5y6DlCfk
YK4uMkjS
7
NOT FOUND
08N4pTa7m
82C
BLqbY
v40a1r
iY3
b72HNW
00393L1n
j
H0z7A34
25zhRSM
DhzusqxZq3
08N4pTa7m
97xZ64T
hjFw9k6t3
X
NOT FOUND
4h9lGG
5gZ4m
y081
Dd8JL7eV
NOT FOUND
Y73T
HX14U4
oRl5I2dB
e6P12N
NOT FOUND
t352xy
80ZqVa8G
jsiL6y59x
s64Ko
KmrPmIH
XdfQ0z
Mh1sK
rwQaI
hjFw9k6t3
4wjV7Bq
Rf1Ng1
KY7g38Wp3
NOT FOUND
7D
NOT FOUND
t181i8
94ar0CgQ4M
r0ZQVp
4g4J27338
y7EG21pB2M
W2zG7n
mM5QZk
v5977
l
1J8T
59c
NOT FOUND
yEN
Juy0P
3G
3G
9780Ew8
NOT FOUND
7USRDteZF
uTZB
Hoqgotb
5gZ4m
rbS
XFLG5ZX
znqJ
21E489
cm9fQi
NOT FOUND
D0LbVh
NOT FOUND
BCH0
ZWih
z
0P
0IGDW9BTFN
X9jDD
3DZ7
r0ZQVp
aJg95
Tt85Uhg3Gx
k6g6l5n
BCH0
NOT FOUND
H8i1
NOT FOUND
487CE
S3nZ6l2
eLmH4irg
gb91S1Vw
dd0825
iPwp4hj2
06Vk1pZ
rrY
0YX6hk71nZ
P
e6P12N
yO56EhZe
f24u8p2r
ia63yoB61K
a274pz22na
Mk96ZXbX1
L
7f
cQdwu9Q52P
y
o96C6M
ykYJrR
P0yKnmaq7
8
4o39P
xhts1e
NOT FOUND
1888y40
1SkG
G
3h0b19BgM5
6L5
JJgUbpEa
1E2aD
rv95Wnvfe
zAhw7
NOT FOUND
NOT FOUND
t352xy
BxF
NOT FOUND
NOT FOUND
4kVYgem
cQdwu9Q52P
8qxulJ
Sj743Q0
J7P8x13sb
VR46F522D
9Ol
jsiL6y59x
0P
x01vit
gSf020NS9z
24M4b
6e2KO6OJn5
NOT FOUND
NOT FOUND
7n7
rv95Wnvfe
5
7T
44tm
DQL5d
1J8T
NOT FOUND
53
35KBu0U4y
47x
08N4pTa7m
EoWQ
nE
CG00
7
NOT FOUND
756uKy2AK
x01vit
E0i1RR1wyu
8s7ZHNV79
a6gl1a67
NOT FOUND
nk7B67zC51
NOT FOUND
clF46WJ
xRsEzOPd
D
x01vit
Hc4sf
1led3Z5G55
NOT FOUND
Wd0Q
WtQ2Q7
XOoR4
88
jm
l6r
jsiL6y59x
Aqlx
NOT FOUND
2DwwIk9621
s679WA
9R6
vLl4
clF46WJ
FK0V
ovIP59cyl
NOT FOUND
rwQaI
y7EG21pB2M
Y73T
8828
y7EG21pB2M
NOT FOUND
4UDYUP
QPObKb39X8
Y73T
100o80gN1
r
NOT FOUND
0GQlDap79
8
X
DXJ583O4
Sj743Q0
Kb06
8Ncs607xc
D0LbVh
NOT FOUND
5Xj3sdZ4
Aqlx
Mb7iarA
NOT FOUND
X9jDD
9Ol
Tt85Uhg3Gx
5
7T
4h9lGG
7E7
s0fQ4N
s679WA
oRl5I2dB
7Y3PMsEh7
x
zxflZWP4f
S5z
nE
22c4FJO2n
l18J
wZ
NOT FOUND
3i
NOT FOUND
o
GW1
zP8L2g154a
XXxK4I
s679WA
cgs5mI
d
9hC7hS
n8j6J
NOT FOUND
W51DJZg
yrDR5
r0ZQVp
Q444ZgV99d
A
wzYB82Zx9
aquRQEXw
NOT FOUND
7GUBw7WBHF
3
05DQ
Q6E6wF
NOT FOUND
g
iX
eLmH4irg
NOT FOUND
Tt85Uhg3Gx
aJg95
8g
y5un
5Xj3sdZ4
Yp
3jU93
tY
Yp
NOT FOUND
NOT FOUND
FU9Cy3EzT6
k1
cRu2
KO606Cu0
63NT9SF1a
NOT FOUND
AX407W4x2
LlNZI4
0Ly8B7
ZWih
cY5y6DlCfk
6
d8Z6Mt
6XQdkSL6x
rwQaI
Ze46l
v8NMngMO
8s7ZHNV79
NOT FOUND
cwHge3zs49
fo7
iq
0bW9G
is17tYU
cLm7blk
3WOamE394I
AM1J7EMHJO
ajG2
NOT FOUND
tbMtD30
487CE
JJgUbpEa
fo5aw
5ahc0crj5
OqwdW4gR
7E7
E
G7Kq8Y
8O9
53
0bW9G
ZX5
v40a1r
kd3gE
273v741I
hjFw9k6t3
9780Ew8
CX7l
XXxK4I
t8C
W51DJZg
7
8
uk
4Ie854
H8i1
9e
NOT FOUND
NOT FOUND
3
D31wcqo
8tXd
6
k1
d3O4zF
G088A45r
Juy0P
6PxN
NOT FOUND
G23Pj9X
Iv8L3chC
Z2xe7
BLqbY
Hoqgotb
ao615qax
l18J
iY3
7vC2m7EuW
siLJ7d
t181i8
t
8
Iwh5p
Q444ZgV99d
Tt85Uhg3Gx
3kZ
S
J
ykK5
30U3Y
1MW5
8tXd
C0W12l
4Ie854
NOT FOUND
3pBZZa
C0W12l
NOT FOUND
n8j6J
NOT FOUND
USds4YhP
x275KdPr0
NOT FOUND
jm
1211MArfP5
1pIka2ET
8
U4L5tq
Cqdy1
qSE3FI
fV
NOT FOUND
0Ly8B7
671094
79iy8
5Q982SgD
NOT FOUND
06Vk1pZ
NOT FOUND
35KBu0U4y
U5LJU
8
jCgyqoSD
NOT FOUND
Hc4sf
sR
gb91S1Vw
4eFn9M
VSPE
qJuirKH
Wd0Q
EDY7
EH9Us4Ch
J7lB4Vj38
H8i1
OJo7SlWDpP
HJ
Xx4iU5
D
bS
HJ
XK
NOT FOUND
NyR17JJB3f
TO6
2h13QPV
4UDYUP
82C
fG0eO
C0W12l
W91
4d1w2GD17
NOT FOUND
1led3Z5G55
jxxmL7Ba
qZ7NS1
S6
8gB
bm3T88M4H
aThVnu
is17tYU
5D
y4Cks2k
DhzusqxZq3
WOs
sUJ4hb44bH
100o80gN1
69C30o6S
6L5
wp
pTBbI5Fx
7MaOwRyCg2
89Sp
8xk
ld33
NOT FOUND
nx09B3
NOT FOUND
D3
Q4IF1585x
PVezl
83Nkkq8
Sj743Q0
cr2172Rc7M
3kZ
24M4b
p
SlLUcyh3S
c5l5
7ESdNB509
k017zv6g
kNen2F2Fi5
Aqlx
xM
9D686h
TEQ7aww77M
PVezl
fV
NOT FOUND
op6hCq8
3eeiYG
iY3
5Q982SgD
e
gw05HpJ7
cr2172Rc7M
7mP3
8
9Q59V
NOT FOUND
NOT FOUND
3Un
jm4THw7w
V0N
aThVnu
6Xk35m6w
35F23S18tE
63NT9SF1a
BH14Na964K
1pIka2ET
3U
NOT FOUND
G0l
VL9
GW1
Iwh5p
kZ
o49mh
yO56EhZe
NOT FOUND
vcc
jd
v0gl4ou8O5
km
xhts1e
2pIRKP
NxVGgR
22c4FJO2n
dQPEmby
A4jZWpN9
NOT FOUND
97q
wNNhAvBt
BWb
K191Y
DS5F
U5LJU
UaPBNEq
D0LbVh
zE
NOT FOUND
txb3o2c
O
9D686h
8
36wr6YnYHc
6U
Z56Ra
mB5nYyVbr
Mb7iarA
QnXg
4o39P
NOT FOUND
6
rlwFwqJq90
4h9lGG
c4boaB2
S
6TMF5BHy2q
zxflZWP4f
clF46WJ
0
cL8FK4
wz06Tih
g
N6pSC7H0
9LiNN
im1
L64
K2T4
Wd0Q
fo5aw
GXWE0AZ5V
H6vS75ZZ11
y4Cks2k
v5977
XkxpwT9
3W
rlwFwqJq90
ZYM
im1
m
DhzusqxZq3
im1
on4h
NOT FOUND
6
Nscm53
YRjo
6TnoY5uo
1z66
6U
NOT FOUND
1
l7H
Kb06
NOT FOUND
Ah1C
Nscm53
z2IBm8TO
aFp209L8
mB5nYyVbr
3x0
m82x
gN8
00393L1n
6QI
j4bE9g
G088A45r
j4bE9g
7T
f6BO7Ps
56f5tO8
LoO6f4xGTf
U5LJU
7UvLr
5Xj3sdZ4
VR46F522D
ajG2
on4h
h
C1r034
44tm
Mk96ZXbX1
4n
NOT FOUND
x32q
NOT FOUND
6cy8S
k
NOT FOUND
cQdwu9Q52P
l
Dd8JL7eV
zxflZWP4f
6TMF5BHy2q
NOT FOUND
6QI
j6UYOu
rlwFwqJq90
0
NOT FOUND
GXWE0AZ5V
VR46F522D
2h13QPV
Mj629w5m
Qrk7
Q3F3QpB
f8nvaX
o96C6M
7Y3PMsEh7
VTjv
G7Kq8Y
V78
fY
747olN1
xhts1e
J
Ah1C
oj
s9G6j15ZF
3DZ7
55J
0ROf5c
9hC7hS
Nv556USU
y1nF59
5vYOq
NOT FOUND
wzYB82Zx9
cQdwu9Q52P
RFg
8tXd
E4x6uS
28kl6mSdc
l0
CG00
Aa5t7lNI7q
j4bE9g
44tm
8dv5496y
5vYOq
8g
EvVZ
f6BO7Ps
fZ1l1aT9
I2k7
8
oAUy0eSK
3
2q
6heAWaX15
3jY9huHx
ZWYnO
8s2C9EP80
2Nt
sIpa1H2Y
p
oqVGDZJ
XN1j8A9
l18J
3x0
NOT FOUND
rB357qLC
cm9fQi
1888y40
5gZ4m
0ROf5c
m82x
63NT9SF1a
Ze46l
YOCFON
NOT FOUND
nX1Rmhj
NOT FOUND
NOT FOUND
VR46F522D
Q1rJD3oXY
C
D
G088A45r
STga17oPq
t756Uf5DMV
wp
DvHW
5436l00
7j4
U
65
z4
1
G00JC2G0eb
06Vk1pZ
6dbnaI1s1g
NOT FOUND
NOT FOUND
9n11l8m5
mnQ6
z0B
3kj
G0l
A8
AqyWa9hEII
C8uX17
56f5tO8
Q3g
k
1J8T
52y8m
nrH6
k5X7A6qG
4kN19g2I5g
zEsrYJ3
I2jGY
suBXetdO
gb91S1Vw
83
9bv0lstV
fV
2
7vC2m7EuW
Mj629w5m
k6g6l5n
p7iW
79iy8
74W61w9
81sQGqV5m
NOT FOUND
NOT FOUND
Mj629w5m
0Aw
i
Mj629w5m
Hoqgotb
Mb7iarA
p
NOT FOUND
B5eLX
BAC
lD
0IGDW9BTFN
K2x5A08q
s4
WPCc054
97
NOT FOUND
4o39P
l3iTPYv8
MpN
S
79iy8
Iv8L3chC
e
NOT FOUND
28o5Dz
X24l8Yt0f
bjM
uTZB
40Vz0Mf2sT
m3K36rqY
mnQ6
Dql6
NOT FOUND
C3
CG00
qyep0
0
1211MArfP5
tal8qP36
PVezl
eKFgIP1nS
5ha8X7
8UC
NOT FOUND
2mJWHZ
NOT FOUND
DQL5d
2L2nAG
3
9Jvjy
88k520uq
5D
B0oMIcLU2
UDkAAz8Stj
fZ1l1aT9
Zm
55I
eXTK
IY
24L8INGT8
6G6y7a1J7
8B
5vYOq
NOT FOUND
9RfC2f
j7wAD0l7AP
NOT FOUND
35F23S18tE
441670
2mJWHZ
NOT FOUND
8
4p9
50XTujW
NOT FOUND
Ze46l
NOT FOUND
42z6cB2y
3kj
83
CG00
tAIM4Ul5
9bv0lstV
iq
rwQaI
on7e7
fV
NOT FOUND
4f7c8jRu3
47x
mqP
88
HJC
82IJaxMcv
NOT FOUND
qIaOdQ73p
2K
671094
cJ9loz
jGhvdO
b
6er9d
1jDlgVB65
xeak
1888y40
3juOFHw
R
T08g6
bOe5
3pBZZa
5JNQB
3PqQ
Kum41Xi3J
L1u
8s7ZHNV79
4VC80JCF8
z4u4k61C5
Q3g
2eL1
b0MUL7vP
d8Z6Mt
r5I1mAry
9e
NOT FOUND
b0iqv8oYI
o60N4wbd
33YSwM3pta
s6E
lQIen1VCbh
OikLpSs
z2IBm8TO
5rHLCIV
FU9Cy3EzT6
2p
cl
2t4
NOT FOUND
rwQaI
z4
H84lnaY47
NOT FOUND
6bS
MOa
2mPo4Vk
NOT FOUND
4kVYgem
Z3X0cSC
NOT FOUND
wp
4h9lGG
53
cRu2
CeZs48n98
iY3
f2puAzY05
NOT FOUND
NOT FOUND
8K9y
n6RD
jdp4W148J
o1aC3TpTD
2K
9O
22c4FJO2n
jCgyqoSD
36gK5
COfeGz3g7
d
8
19Ec
T6azt4R
55xMf
2mJWHZ
PThg
NOT FOUND
z7uO1
8337WJN8
S9Zih
1J8T
3oTARBX9G
Zz0HG
NOT FOUND
93nGqqg1
NOT FOUND
44tm
f
1Z
59RQ6y
NOT FOUND
5gZ4m
25z6L6
rbS
2B3xMEYW
HJ
Q6E6wF
5n2kaP
g9X
PaGT67EeI
z22
3
aquRQEXw
xXk
Bhy0
9bv0lstV
Q3g
bm3T88M4H
c1Wp4qN
4p9
m3938
87dKYk
on7e7
3jY9huHx
k0
guG1O6TiZ
Q1rJD3oXY
Mj629w5m
09
oGF
I5NWcTt8
21E489
1
H651C2k
s
k0
AX407W4x2
udJm4Cwv6
Rb
9bv0lstV
u
NOT FOUND
96l
rB357qLC
6YzO9
mqP
6vM9YK9KYF
1J8T
2z3wdZxV95
n8j6J
QElBuE
J3
3eeiYG
IEW
NOT FOUND
NOT FOUND
0AJTfK
mnQ6
6Q6LJMWf
Z
uum
1KdWY
bm3T88M4H
jr74wgqEkr
J92JM69
fo7
9bv0lstV
y081
8FJYJ3NS3
c55g
WY
QPObKb39X8
b0MUL7vP
M1Qck
I1Z6S3rK6
mH31Hu69
p
sM9C1od
8UC
l18J
ho
G
NOT FOUND
m0rAP4QH
Q6E6wF
k0N73rQAD
Rb
Jw
L
NOT FOUND
Q
521V5
97xZ64T
j
hVx8
lW3d8h5
BCH0
0Z6R
LW1F1NfRg
9Q59V
aK3pN6U
9fC2zi1v9U
OFjIAF6k
9O
ZWih
qJuirKH
mVMgX
gq39
NOT FOUND
3U
MpN
iY3
9bv0lstV
h67s
5ZqUc5Z
0P
WygJ3Kt
sIpa1H2Y
4f7c8jRu3
97q
19Rb56j2lW
NOT FOUND
NN
R16KmhIILK
4p9
x
3PqQ
NOT FOUND
52q
nk7B67zC51
NIS7bszc
Yp
uG7
xeak
3Bha
HX14U4
jhCXAQ348
LlNZI4
O6FahYXAd
1led3Z5G55
2L2nAG
9ENLPA1
86e3wzm
J3Po74DpN5
k017zv6g
c1Wp4qN
L2O94Y
Zt26a8mb4
HJ
5C0Jt
6c7
5ZP7Rd
NOT FOUND
Zp1a50z
Mb7iarA
P0yKnmaq7
Zet229sw0
pGVufHV61h
NOT FOUND
VlEowYC
aK3pN6U
au1I5w5U99
4RObpqgr
O2mc3Pc1y3
7
44tm
KeA8etL
644
C0W12l
el15jRRs0L
5kiNqy7qo
5ZP7Rd
grXX
In6Vr64D
J3
QtA01OI0
yAC9
6TnoY5uo
eS8
06Vk1pZ
oIFVsgp02M
6heAWaX15
6fm8
eLmH4irg
Jn80D8N
i
L64
sgCY
ZG306
kZ
198
lLV9l9V4
xeak
96l
NOT FOUND
9RfC2f
aFp209L8
48NDdIUC
uL
UaB1J
zxflZWP4f
jm4THw7w
72N2Of9B1z
6
8nv2AYI
74I4LHjrW
NOT FOUND
y5un
dnI8m7c1TG
3WOamE394I
cL8FK4
8FVpyZQu5
NOT FOUND
tg32n
WygJ3Kt
L21j6
52m7Mz
s8f99ZjCOL
HJC
NOT FOUND
A4u99
kqzx
0t54rpLf4
tbMtD30
tT19D0fOq
24sB
gb91S1Vw
N1
o96C6M
nl
cC0P9k4IS
nX1Rmhj
t
H6vS75ZZ11
qz
8
pb7q7Y
nSTZAzA
03P4zD
5gZ4m
BWb
M7kkNYe
FU9Cy3EzT6
1Hyl
2q
NOT FOUND
s3jDP1
11MP2hJsR
oInjKJ5BUo
Mb7iarA
46LE
606bD8ZqE
9hC7hS
oGF
Hd4806mmu
S5z
NOT FOUND
n6RD
g2pH
93YQ020
sM9C1od
r5I1mAry
U9S
pGVufHV61h
o1aC3TpTD
NOT FOUND
606bD8ZqE
8nv2AYI
n9P
2eL1
NOT FOUND
8As
23d2g
g2pH
9jo9
eRqPP1c3V5
AM1J7EMHJO
3JK9koIehF
M3YWYE2
txb3o2c
m0qBlI7Kpt
OvrEneNC3u
0Jtb
2wYQkF853
6Q6LJMWf
Cqdy1
B9
0hIXF
K2x5A08q
46
5ahc0crj5
oqVGDZJ
NOT FOUND
xeak
1H22CI
G00JC2G0eb
6er9d
c55g
554oe5B
o96C6M
L
G088A45r
k
VlEowYC
W
NOT FOUND
6159l
d0t0eHK7
G088A45r
W91
U
1
tbMtD30
5mueX
H0z7A34
Q6E6wF
7Dk9v52T8
27w9x0bts
PCWqwwDb9z
6
42P62
NOT FOUND
c55g
cr2172Rc7M
hVx8
xeak
QAMNW9
qz
93j
W51DJZg
56f5tO8
jeGK
JLVbR
J
0
5NGyXDqE
w6921l
487CE
splB5
UjJeF71c82
qi1lba
mF0t57C16
NOT FOUND
42P62
O9
8gB
6Zp6d
rU
NOT FOUND
NOT FOUND
5MhrH
i642jZn
NOT FOUND
Niv0
KO606Cu0
znqJ
5JNQB
3PqQ
55xMf
F6BbhWLEW
B5eLX
15e
6er9d
C1A2kvh5pI
QRog65HY
NOT FOUND
Iwh5p
O0
6QI
NOT FOUND
TEQ7aww77M
V7g0Dc
Iv8L3chC
NOT FOUND
7
6c7
3WOamE394I
o8
H4
11n
50XTujW
RPuEni
HznV
82IJaxMcv
TSAr62I4
Aqlx
I731gASM9
NOT FOUND
0YX6hk71nZ
6dbnaI1s1g
NOT FOUND
S681Rg9J
NOT FOUND
C
jGhvdO
x9j86Ze0H
0t54rpLf4
b0iqv8oYI
K29G
4RObpqgr
yxQ
4UNzq98
8337WJN8
QnXg
92WksPju
u
cJ9loz
g
NOT FOUND
q47HmsYki
cLm7blk
9CQ6z
NOT FOUND
5Jm0D
NOT FOUND
NOT FOUND
tg32n
4UDYUP
57o3HXz
f24u8p2r
VR46F522D
O6FahYXAd
NOT FOUND
1gU
8rf1Bycm
gN8
vy
y
0GQlDap79
4ORW4Ph09
G0l
0tT9Qa
1SkG
oInjKJ5BUo
X1sAAC3c2
ki
TR5ni5
OikLpSs
5tW3Nb
X24l8Yt0f
441670
fY
R
95
554oe5B
ld33
1b
GXWE0AZ5V
EqHc
M0OF77
rrY
M1Qck
5Rxo6u4j
0Z8RWJIgB
NOT FOUND
NOT FOUND
v9S6
87j
93nGqqg1
NOT FOUND
ox04q
3s35
NOT FOUND
Ii1
7qr10vr
X9jDD
NOT FOUND
15e
mF0t57C16
HJ
7
06Vk1pZ
NOT FOUND
6U
QF1
lD
S
l
S
273v741I
aPm0sb
PIy
gQ
lD
NOT FOUND
Y36U5yM
NOT FOUND
S
N38E47t
fZ1l1aT9
epLC
NOT FOUND
m0qBlI7Kpt
5Ri96HynZ
Z
8nv2AYI
qB7Z2
oIFVsgp02M
zP
M7kkNYe
hOp8B62A
Y
uum
Pe79I
9e
gN8
89bq16
RZjTW
NOT FOUND
E0i1RR1wyu
5436l00
Rs9
NOT FOUND
tg32n
AqyWa9hEII
j23
jn85mf764z
FW
hVx8
Omp
Cqdy1
2DwwIk9621
r
G7Kq8Y
79Nh3GEi76
vLl4
l95aM9r
30U3Y
aPm0sb
NOT FOUND
3J6Gmo
7j4
NOT FOUND
Q4IF1585x
DS5F
NOT FOUND
FK6
1c0spl91
8
Nscm53
0w6i
27fr
A1706GJGI8
NOT FOUND
2Fm5
51k5kt
AgxOUxo0Yr
7rC
5kQw
aPm0sb
hVx8
UQ5lT2
Zm
n556667l9
I1Z6S3rK6
80G39A76lS
79Z8k
H9x79u5lGl
H7s2w
B6F55i03x
v9S6
hS7p
5Q982SgD
Xv92m3
Z6YTNjzsg
5Nk
Z3X0cSC
6a7hsOJF31
mF0t57C16
NOT FOUND
NOT FOUND
NOT FOUND
xXk
SbcbY6Q
8O63Bjz
NOT FOUND
wV1F6B2S1
bS
NOT FOUND
aPm0sb
Dd8JL7eV
RoCT7KH
Q9Mc6c1Vc
8N926iZr
N38E47t
VSPE
0M8H
NIS7bszc
b0iqv8oYI
p
iq
2EicbTPs
2R1F8SYC68
Cqdy1
9Ol
Sw5
4d1w2GD17
tY
c1Wp4qN
G00JC2G0eb
S0
6PxN
NOT FOUND
3
7
8035
qz
UaPBNEq
j7wAD0l7AP
jeGK
B6F55i03x
ey8Yr
61FEa
HJC
NOT FOUND
NOT FOUND
NOT FOUND
b73QR4i4se
7rC
w3hx
uPs5dr5yS
NOT FOUND
Yg1e
suBXetdO
3
8
NN
5N0
gSf020NS9z
vNksK3H
USds4YhP
70
3Bha
S
9Tlr9E8L
Besl7
Qa5wZpK
55
l
B6F55i03x
xD0
2
NOT FOUND
2eDyX5m
2TkPmg0w
Mj629w5m
f24u8p2r
R90FP
C
Hh9pFUu72
NOT FOUND
LHZ
5Fmz7
yBoru
OpB640Aro
22c4FJO2n
G19
Pay3n1N
Q
8Aj3TlocrX
NOT FOUND
O
eS8
p
Mb8G3
Q1rJD3oXY
cgs5mI
8tW
eKFgIP1nS
ho
Y36U5yM
tbMtD30
0CY6fM
B6F55i03x
zE
YYj7wr
em
2e0E6
xQ
I5NWcTt8
42P62
e
TFMdK7L4
hk2k9q0q
NOT FOUND
x74E
o3
BSU
5Jm0D
3Bha
t7r6Ip3f7J
5kiNqy7qo
89Sp
ca4G2d43
h2
hpo
15e
o
s0fQ4N
NY1
NOT FOUND
CZ12
NOT FOUND
m0rAP4QH
NOT FOUND
jl8S0
L64
NOT FOUND
U1E
5ahc0crj5
c
Q1rJD3oXY
doW0NK0jq7
022xl7knW
8XDajvG
y
163e
NOT FOUND
8OORQxm
ypGRRJ4
XNqt
0Aw
8Aj3TlocrX
NOT FOUND
y46PO8q
baL2k
2e0E6
sgCY
6PxN
306
NOT FOUND
NOT FOUND
7bbU4f6GP
NOT FOUND
cn1Q5hz
dnI8m7c1TG
O47P
950816qojA
0GQlDap79
nX1Rmhj
022xl7knW
N88V
0YX6hk71nZ
30U3Y
ENaQYT9
D31wcqo
NOT FOUND
6v5bO5H8i
GFMdUA
ShnC
79ni948s9
NOT FOUND
NOT FOUND
5Jm0D
vy
OpB640Aro
539B4g
5ZP7Rd
TLYhg2DbuI
O6FahYXAd
WN72X
p5
f
aJK
aPm0sb
d0t0eHK7
kir039c2
J7
H9x79u5lGl
D6ndS5
3
uk
oSK7
NOT FOUND
92f
oAUy0eSK
Besl7
aPm0sb
zg2qx
b73QR4i4se
NOT FOUND
ZG306
em
R16KmhIILK
s4
Lo1P9toWU7
pph5MIch
GUXKB110s
QKhGc2iR
NOT FOUND
8N836
bS
vjM6
j6UYOu
08
1z66
3jY9huHx
KB
Q
8UC
H0z7A34
7g2rh262O
0tT9Qa
A1706GJGI8
fdXy1n
VL6
3JS19fYS
ho
fvyv6F
NOT FOUND
ss8U6869
TcVv428fdw
8j1yLx1WR0
2Nt
1
H32s
Sd82JLQZ
284316
oAUy0eSK
Sw5
42P62
NOT FOUND
s3Qu6FZmB8
08M349Czs
NOT FOUND
Mk86l0Y5zD
splB5
6B0v
28Q91PmnnB
02e
3G
TFMdK7L4
8djb9mUS
Hoqgotb
OvrEneNC3u
NOT FOUND
tKt40K7
Dd8JL7eV
ENaQYT9
8s2C9EP80
dLNKer
H4
NOT FOUND
DXHLa
osCkiJ
5Zl7wTOgH
Nv556USU
2Fm5
c1Wp4qN
NOT FOUND
5Rxo6u4j
88C65qo0uC
g0V92mD
l
Bqvm
36wr6YnYHc
3
NOT FOUND
EjreW9Z13
7d5u8OJBy
S681Rg9J
Ze74mA61
2pIRKP
Hoqgotb
8O63Bjz
6XQdkSL6x
NOT FOUND
NOT FOUND
8FVpyZQu5
Ss9MYtk8M
Vid58n5G9
Pe79I
4k
6er9d
Z56Ra
j24BRgx
EjreW9Z13
4
Mk86l0Y5zD
5Q982SgD
NOT FOUND
Jw
oAUy0eSK
B5eLX
8s7ZHNV79
BXrpL53L
i64C6
UQ5lT2
Iwh5p
wK62QqW
vcc
J92JM69
xQL3sPuH4
6Fl6
aJK
8g4
NOT FOUND
Lo1P9toWU7
ME35msDW
WN72X
2L21d8
I7F7O56Ve
NOT FOUND
T9mHg
3juOFHw
FjQ5
Ni5vBt6q9f
1bQQh5
DQL5d
xXk
83TB2
f
k1x8
3h4b
NOT FOUND
T08g6
aJK
NOT FOUND
8
fdXy1n
Kum41Xi3J
8FVpyZQu5
FyY91
OrtCP4
NOT FOUND
NOT FOUND
S1Hn7OFx
nE
28Q91PmnnB
NOT FOUND
N88V
BZOQOK4
h429
2Nt
Zz0HG
2B3xMEYW
tUYOq
U2D23m
h
lLV9l9V4
yI9Lt
lLV9l9V4
3G5U4d
7
1E2aD
7N
JHy8
NOT FOUND
7
S
S6
M9
A4NY
NOT FOUND
81g4SZ3Lv
T2ApI71
79Dt4K7k
RPuEni
T6
v40a1r
NOT FOUND
VZOFj534
36wr6YnYHc
8h
Y3x
5
qKD
XNqt
0t54rpLf4
NOT FOUND
Ri
D3L6KsLc
6695wiHb
4L5o
HGY6
2e0E6
5tW3Nb
hHI03
Bsy6b
2SB9A1a3w
x15LI
U
QA20J3A
OCGBa5j8
00
T6azt4R
Q
sT23Q04
kqzx
siLJ7d
D3L6KsLc
NOT FOUND
r
O3My
pTBbI5Fx
U51Cu7m1k
o
DN17jv3M
mwB
Ii1
97q
IEW
aC1N
1MW5
suBXetdO
a8PF44a
Ri
NOT FOUND
XN1j8A9
jN
7rY94q4unC
8XR18
36
Lo1P9toWU7
wR
Ml
vVr9
ux
Qmn2
9jo9
sT23Q04
S2Zt793D
CIeO
536bS
F6BbhWLEW
z0B
0W35sm4W
N19489uvR
lFFW20
0w2A2e3CFV
FU9Cy3EzT6
56
GW1
NOT FOUND
8nfBzB9W4
NOT FOUND
Z
g
NOT FOUND
8O9
QtA01OI0
5qSQ
s3jDP1
VZOFj534
1H89
u9GdL1q9
grXX
MOa
R1X3kT
JJgUbpEa
ZCQ6pf4M4
CP3E7o6p2k
FW
NOT FOUND
wK62QqW
Q3vRP976rX
7
83
cm9fQi
M3YWYE2
hRd
7LtwyT2iL
0hIXF
NOT FOUND
3kZ
NOT FOUND
1100
Piug5lw0
3J6Gmo
BSU
NOT FOUND
3PqQ
66e
NOT FOUND
g0iChQG2
3
l
wzYB82Zx9
NOT FOUND
eVI
NOT FOUND
19Rb56j2lW
cgs5mI
