Determining if the pthread_create exist failed with the following output:
Change Dir: /home/gls/Raft/build/CMakeFiles/CMakeTmp

Run Build Command:"/usr/bin/make" "cmTC_8e695/fast"
/usr/bin/make -f CMakeFiles/cmTC_8e695.dir/build.make CMakeFiles/cmTC_8e695.dir/build
make[1]: 进入目录“/home/gls/Raft/build/CMakeFiles/CMakeTmp”
Building C object CMakeFiles/cmTC_8e695.dir/CheckSymbolExists.c.o
/usr/bin/cc    -o CMakeFiles/cmTC_8e695.dir/CheckSymbolExists.c.o   -c /home/gls/Raft/build/CMakeFiles/CMakeTmp/CheckSymbolExists.c
Linking C executable cmTC_8e695
/usr/bin/cmake -E cmake_link_script CMakeFiles/cmTC_8e695.dir/link.txt --verbose=1
/usr/bin/cc      CMakeFiles/cmTC_8e695.dir/CheckSymbolExists.c.o  -o cmTC_8e695 
CMakeFiles/cmTC_8e695.dir/CheckSymbolExists.c.o：在函数‘main’中：
CheckSymbolExists.c:(.text+0x1b)：对‘pthread_create’未定义的引用
collect2: error: ld returned 1 exit status
CMakeFiles/cmTC_8e695.dir/build.make:97: recipe for target 'cmTC_8e695' failed
make[1]: *** [cmTC_8e695] Error 1
make[1]: 离开目录“/home/gls/Raft/build/CMakeFiles/CMakeTmp”
Makefile:126: recipe for target 'cmTC_8e695/fast' failed
make: *** [cmTC_8e695/fast] Error 2

File /home/gls/Raft/build/CMakeFiles/CMakeTmp/CheckSymbolExists.c:
/* */
#include <pthread.h>

int main(int argc, char** argv)
{
  (void)argv;
#ifndef pthread_create
  return ((int*)(&pthread_create))[argc];
#else
  (void)argc;
  return 0;
#endif
}

Determining if the function pthread_create exists in the pthreads failed with the following output:
Change Dir: /home/gls/Raft/build/CMakeFiles/CMakeTmp

Run Build Command:"/usr/bin/make" "cmTC_9e52f/fast"
/usr/bin/make -f CMakeFiles/cmTC_9e52f.dir/build.make CMakeFiles/cmTC_9e52f.dir/build
make[1]: 进入目录“/home/gls/Raft/build/CMakeFiles/CMakeTmp”
Building C object CMakeFiles/cmTC_9e52f.dir/CheckFunctionExists.c.o
/usr/bin/cc   -DCHECK_FUNCTION_EXISTS=pthread_create   -o CMakeFiles/cmTC_9e52f.dir/CheckFunctionExists.c.o   -c /usr/share/cmake-3.10/Modules/CheckFunctionExists.c
Linking C executable cmTC_9e52f
/usr/bin/cmake -E cmake_link_script CMakeFiles/cmTC_9e52f.dir/link.txt --verbose=1
/usr/bin/cc  -DCHECK_FUNCTION_EXISTS=pthread_create    CMakeFiles/cmTC_9e52f.dir/CheckFunctionExists.c.o  -o cmTC_9e52f -lpthreads 
/usr/bin/ld: 找不到 -lpthreads
collect2: error: ld returned 1 exit status
CMakeFiles/cmTC_9e52f.dir/build.make:97: recipe for target 'cmTC_9e52f' failed
make[1]: *** [cmTC_9e52f] Error 1
make[1]: 离开目录“/home/gls/Raft/build/CMakeFiles/CMakeTmp”
Makefile:126: recipe for target 'cmTC_9e52f/fast' failed
make: *** [cmTC_9e52f/fast] Error 2


